\BOOKMARK [1][-]{section.1}{\376\377\000Z\000a\000r\000z\001\005\000d\000z\000a\000n\000i\000e\000\040\000p\000a\000m\000i\001\031\000c\000i\001\005\000\040\000w\000\040\000j\001\031\000z\000y\000k\000u\000\040\000C\000/\000C\000+\000+}{}% 1
\BOOKMARK [2][-]{subsection.1.1}{\376\377\000W\000p\000r\000o\000w\000a\000d\000z\000e\000n\000i\000e}{section.1}% 2
\BOOKMARK [2][-]{subsection.1.2}{\376\377\000R\000o\000d\000z\000a\000j\000e\000\040\000p\000a\000m\000i\001\031\000c\000i\000\040\000w\000\040\000C\000/\000C\000+\000+}{section.1}% 3
\BOOKMARK [2][-]{subsection.1.3}{\376\377\000A\000l\000o\000k\000a\000c\000j\000a\000\040\000i\000\040\000d\000e\000a\000l\000o\000k\000a\000c\000j\000a\000\040\000p\000a\000m\000i\001\031\000c\000i\000\040\000w\000\040\000j\001\031\000z\000y\000k\000u\000\040\000C}{section.1}% 4
\BOOKMARK [2][-]{subsection.1.4}{\376\377\000A\000l\000o\000k\000a\000c\000j\000a\000\040\000i\000\040\000d\000e\000a\000l\000o\000k\000a\000c\000j\000a\000\040\000p\000a\000m\000i\001\031\000c\000i\000\040\000w\000\040\000j\001\031\000z\000y\000k\000u\000\040\000C\000+\000+}{section.1}% 5
\BOOKMARK [2][-]{subsection.1.5}{\376\377\000P\000r\000o\000b\000l\000e\000m\000y\000\040\000z\000w\000i\001\005\000z\000a\000n\000e\000\040\000z\000\040\000z\000a\000r\000z\001\005\000d\000z\000a\000n\000i\000e\000m\000\040\000p\000a\000m\000i\001\031\000c\000i\001\005}{section.1}% 6
\BOOKMARK [2][-]{subsection.1.6}{\376\377\000M\000e\000c\000h\000a\000n\000i\000z\000m\000y\000\040\000z\000a\000r\000z\001\005\000d\000z\000a\000n\000i\000a\000\040\000p\000a\000m\000i\001\031\000c\000i\001\005\000\040\000w\000\040\000n\000o\000w\000o\000c\000z\000e\000s\000n\000y\000m\000\040\000C\000+\000+}{section.1}% 7
\BOOKMARK [2][-]{subsection.1.7}{\376\377\000P\000o\000d\000s\000u\000m\000o\000w\000a\000n\000i\000e}{section.1}% 8
\BOOKMARK [1][-]{section.2}{\376\377\000F\000u\000n\000k\000c\000j\000a\000\040\000E\000u\000l\000e\000r\000a\000,\000\040\000r\000e\000l\000a\000c\000j\000a\000\040\000k\000o\000n\000g\000r\000u\000e\000n\000c\000j\000i\000\040\000o\000r\000a\000z\000\040\000r\000e\000d\000u\000k\000c\000j\000a\000\040\000m\000o\000d\000u\000l\000o\000\040\000d\000z\000i\000a\001\102\000a\001\104\000\040\000a\000r\000y\000t\000m\000e\000t\000y\000c\000z\000n\000y\000c\000h}{}% 9
\BOOKMARK [2][-]{subsection.2.1}{\376\377\000F\000u\000n\000k\000c\000j\000a\000\040\000E\000u\000l\000e\000r\000a}{section.2}% 10
\BOOKMARK [3][-]{subsubsection.2.1.1}{\376\377\000D\000e\000f\000i\000n\000i\000c\000j\000a}{subsection.2.1}% 11
\BOOKMARK [3][-]{subsubsection.2.1.2}{\376\377\000W\000z\000\363\000r\000\040\000n\000a\000\040\000f\000u\000n\000k\000c\000j\001\031\000\040\000E\000u\000l\000e\000r\000a}{subsection.2.1}% 12
\BOOKMARK [3][-]{subsubsection.2.1.3}{\376\377\000P\000r\000z\000y\000k\001\102\000a\000d\000y}{subsection.2.1}% 13
\BOOKMARK [2][-]{subsection.2.2}{\376\377\000R\000e\000l\000a\000c\000j\000a\000\040\000k\000o\000n\000g\000r\000u\000e\000n\000c\000j\000i}{section.2}% 14
\BOOKMARK [3][-]{subsubsection.2.2.1}{\376\377\000D\000e\000f\000i\000n\000i\000c\000j\000a}{subsection.2.2}% 15
\BOOKMARK [3][-]{subsubsection.2.2.2}{\376\377\000W\001\102\000a\000s\000n\000o\001\133\000c\000i\000\040\000k\000o\000n\000g\000r\000u\000e\000n\000c\000j\000i}{subsection.2.2}% 16
\BOOKMARK [3][-]{subsubsection.2.2.3}{\376\377\000P\000r\000z\000y\000k\001\102\000a\000d\000y}{subsection.2.2}% 17
\BOOKMARK [2][-]{subsection.2.3}{\376\377\000R\000e\000d\000u\000k\000c\000j\000a\000\040\000m\000o\000d\000u\000l\000o\000\040\000w\000\040\000d\000z\000i\000a\001\102\000a\000n\000i\000a\000c\000h\000\040\000a\000r\000y\000t\000m\000e\000t\000y\000c\000z\000n\000y\000c\000h}{section.2}% 18
\BOOKMARK [3][-]{subsubsection.2.3.1}{\376\377\000D\000e\000f\000i\000n\000i\000c\000j\000a}{subsection.2.3}% 19
\BOOKMARK [3][-]{subsubsection.2.3.2}{\376\377\000P\000r\000z\000y\000k\001\102\000a\000d\000y}{subsection.2.3}% 20
\BOOKMARK [3][-]{subsubsection.2.3.3}{\376\377\000W\001\102\000a\000s\000n\000o\001\133\000c\000i\000\040\000r\000e\000d\000u\000k\000c\000j\000i\000\040\000m\000o\000d\000u\000l\000o}{subsection.2.3}% 21
\BOOKMARK [3][-]{subsubsection.2.3.4}{\376\377\000P\000r\000z\000y\000k\001\102\000a\000d\000\040\000d\000z\000i\000a\001\102\000a\001\104\000\040\000a\000r\000y\000t\000m\000e\000t\000y\000c\000z\000n\000y\000c\000h\000\040\000m\000o\000d\000u\000l\000o}{subsection.2.3}% 22
\BOOKMARK [2][-]{subsection.2.4}{\376\377\000P\000o\000d\000s\000u\000m\000o\000w\000a\000n\000i\000e}{section.2}% 23
\BOOKMARK [1][-]{section.3}{\376\377\000S\000t\000r\000a\000t\000e\000g\000i\000a\000\040\000p\000r\000o\000j\000e\000k\000t\000o\000w\000a\000n\000i\000a\000\040\040\036\000d\000z\000i\000e\000l\000\040\000i\000\040\000z\000w\000y\000c\000i\001\031\001\174\000a\000j\040\035}{}% 24
\BOOKMARK [2][-]{subsection.3.1}{\376\377\000Z\000a\000s\000a\000d\000a\000\040\000r\000e\000a\000l\000i\000z\000a\000c\000j\000i\000\040\000s\000t\000r\000a\000t\000e\000g\000i\000i}{section.3}% 25
\BOOKMARK [2][-]{subsection.3.2}{\376\377\000P\000r\000z\000y\000k\001\102\000a\000d\000y\000\040\000z\000a\000s\000t\000o\000s\000o\000w\000a\000n\000i\000a\000\040\000s\000t\000r\000a\000t\000e\000g\000i\000i}{section.3}% 26
\BOOKMARK [3][-]{subsubsection.3.2.1}{\376\377\000S\000o\000r\000t\000o\000w\000a\000n\000i\000e\000\040\000s\000z\000y\000b\000k\000i\000e\000\040\000\050\000Q\000u\000i\000c\000k\000S\000o\000r\000t\000\051}{subsection.3.2}% 27
\BOOKMARK [3][-]{subsubsection.3.2.2}{\376\377\000S\000o\000r\000t\000o\000w\000a\000n\000i\000e\000\040\000p\000r\000z\000e\000z\000\040\000s\000c\000a\000l\000a\000n\000i\000e\000\040\000\050\000M\000e\000r\000g\000e\000S\000o\000r\000t\000\051}{subsection.3.2}% 28
\BOOKMARK [3][-]{subsubsection.3.2.3}{\376\377\000M\000i\000n\000i\000m\000a\000l\000n\000e\000\040\000d\000r\000z\000e\000w\000o\000\040\000r\000o\000z\000p\000i\000n\000a\000j\001\005\000c\000e\000\040\000\050\000M\000S\000T\000\051\000\040\040\023\000\040\000A\000l\000g\000o\000r\000y\000t\000m\000\040\000K\000r\000u\000s\000k\000a\000l\000a}{subsection.3.2}% 29
\BOOKMARK [3][-]{subsubsection.3.2.4}{\376\377\000I\000n\000n\000e\000\040\000p\000r\000z\000y\000k\001\102\000a\000d\000y\000\040\000a\000l\000g\000o\000r\000y\000t\000m\000\363\000w\000\040\040\036\000d\000z\000i\000e\000l\000\040\000i\000\040\000z\000w\000y\000c\000i\001\031\001\174\000a\000j\040\035}{subsection.3.2}% 30
\BOOKMARK [2][-]{subsection.3.3}{\376\377\000S\000z\000a\000c\000o\000w\000a\000n\000i\000e\000\040\000a\000s\000y\000m\000p\000t\000o\000t\000y\000c\000z\000n\000e\000j\000\040\000z\001\102\000o\001\174\000o\000n\000o\001\133\000c\000i\000\040\000u\000z\000y\000s\000k\000a\000n\000y\000c\000h\000\040\000a\000l\000g\000o\000r\000y\000t\000m\000\363\000w}{section.3}% 31
\BOOKMARK [3][-]{subsubsection.3.3.1}{\376\377\000S\000z\000a\000c\000o\000w\000a\000n\000i\000e\000\040\000z\001\102\000o\001\174\000o\000n\000o\001\133\000c\000i\000\040\000r\000e\000k\000u\000r\000e\000n\000c\000y\000j\000n\000y\000c\000h\000\040\000a\000l\000g\000o\000r\000y\000t\000m\000\363\000w\000\040\040\036\000d\000z\000i\000e\000l\000\040\000i\000\040\000z\000w\000y\000c\000i\001\031\001\174\000a\000j\040\035}{subsection.3.3}% 32
\BOOKMARK [3][-]{subsubsection.3.3.2}{\376\377\000Z\001\102\000o\001\174\000o\000n\000o\001\133\001\007\000\040\000w\000y\000b\000r\000a\000n\000y\000c\000h\000\040\000a\000l\000g\000o\000r\000y\000t\000m\000\363\000w}{subsection.3.3}% 33
\BOOKMARK [2][-]{subsection.3.4}{\376\377\000P\000o\000d\000s\000u\000m\000o\000w\000a\000n\000i\000e}{section.3}% 34
\BOOKMARK [1][-]{section.4}{\376\377\000P\000o\000d\000s\000t\000a\000w\000o\000w\000e\000\040\000t\000e\000c\000h\000n\000i\000k\000i\000\040\000i\000\040\000s\000t\000r\000a\000t\000e\000g\000i\000e\000\040\000p\000r\000o\000j\000e\000k\000t\000o\000w\000a\000n\000i\000a\000\040\000a\000l\000g\000o\000r\000y\000t\000m\000\363\000w}{}% 35
\BOOKMARK [2][-]{subsection.4.1}{\376\377\000W\000p\000r\000o\000w\000a\000d\000z\000e\000n\000i\000e}{section.4}% 36
\BOOKMARK [2][-]{subsection.4.2}{\376\377\000Z\000a\000c\000h\001\102\000a\000n\000n\000o\001\133\001\007\000\040\000\050\000G\000r\000e\000e\000d\000y\000\040\000A\000l\000g\000o\000r\000i\000t\000h\000m\000s\000\051}{section.4}% 37
\BOOKMARK [3][-]{subsubsection.4.2.1}{\376\377\000C\000e\000c\000h\000y\000\040\000a\000l\000g\000o\000r\000y\000t\000m\000\363\000w\000\040\000z\000a\000c\000h\001\102\000a\000n\000n\000y\000c\000h}{subsection.4.2}% 38
\BOOKMARK [3][-]{subsubsection.4.2.2}{\376\377\000P\000r\000z\000y\000k\001\102\000a\000d\000y\000\040\000a\000l\000g\000o\000r\000y\000t\000m\000\363\000w\000\040\000z\000a\000c\000h\001\102\000a\000n\000n\000y\000c\000h}{subsection.4.2}% 39
\BOOKMARK [2][-]{subsection.4.3}{\376\377\000D\000z\000i\000e\000l\000\040\000i\000\040\000z\000w\000y\000c\000i\001\031\001\174\000a\000j\000\040\000\050\000D\000i\000v\000i\000d\000e\000\040\000a\000n\000d\000\040\000C\000o\000n\000q\000u\000e\000r\000\051}{section.4}% 40
\BOOKMARK [3][-]{subsubsection.4.3.1}{\376\377\000P\000r\000z\000y\000k\001\102\000a\000d\000y\000\040\000a\000l\000g\000o\000r\000y\000t\000m\000\363\000w\000\040\000o\000p\000a\000r\000t\000y\000c\000h\000\040\000n\000a\000\040\000t\000e\000j\000\040\000s\000t\000r\000a\000t\000e\000g\000i\000i}{subsection.4.3}% 41
\BOOKMARK [2][-]{subsection.4.4}{\376\377\000P\000r\000o\000g\000r\000a\000m\000o\000w\000a\000n\000i\000e\000\040\000d\000y\000n\000a\000m\000i\000c\000z\000n\000e\000\040\000\050\000D\000y\000n\000a\000m\000i\000c\000\040\000P\000r\000o\000g\000r\000a\000m\000m\000i\000n\000g\000\051}{section.4}% 42
\BOOKMARK [3][-]{subsubsection.4.4.1}{\376\377\000C\000e\000c\000h\000y\000\040\000p\000r\000o\000g\000r\000a\000m\000o\000w\000a\000n\000i\000a\000\040\000d\000y\000n\000a\000m\000i\000c\000z\000n\000e\000g\000o}{subsection.4.4}% 43
\BOOKMARK [3][-]{subsubsection.4.4.2}{\376\377\000P\000r\000z\000y\000k\001\102\000a\000d\000y\000\040\000a\000l\000g\000o\000r\000y\000t\000m\000\363\000w\000\040\000d\000y\000n\000a\000m\000i\000c\000z\000n\000y\000c\000h}{subsection.4.4}% 44
\BOOKMARK [2][-]{subsection.4.5}{\376\377\000P\000r\000z\000e\000s\000z\000u\000k\000i\000w\000a\000n\000i\000e\000\040\000z\000\040\000n\000a\000w\000r\000o\000t\000a\000m\000i\000\040\000\050\000B\000a\000c\000k\000t\000r\000a\000c\000k\000i\000n\000g\000\051}{section.4}% 45
\BOOKMARK [3][-]{subsubsection.4.5.1}{\376\377\000P\000r\000z\000y\000k\001\102\000a\000d\000y\000\040\000a\000l\000g\000o\000r\000y\000t\000m\000\363\000w\000\040\000w\000y\000k\000o\000r\000z\000y\000s\000t\000u\000j\001\005\000c\000y\000c\000h\000\040\000b\000a\000c\000k\000t\000r\000a\000c\000k\000i\000n\000g}{subsection.4.5}% 46
\BOOKMARK [2][-]{subsection.4.6}{\376\377\000M\000e\000t\000o\000d\000a\000\040\000p\000r\000o\000g\000r\000a\000m\000o\000w\000a\000n\000i\000a\000\040\000l\000i\000n\000i\000o\000w\000e\000g\000o}{section.4}% 47
\BOOKMARK [3][-]{subsubsection.4.6.1}{\376\377\000P\000r\000z\000y\000k\001\102\000a\000d\000y\000\040\000z\000a\000s\000t\000o\000s\000o\000w\000a\001\104}{subsection.4.6}% 48
\BOOKMARK [2][-]{subsection.4.7}{\376\377\000H\000e\000u\000r\000y\000s\000t\000y\000k\000i\000\040\000i\000\040\000a\000l\000g\000o\000r\000y\000t\000m\000y\000\040\000p\000r\000o\000b\000a\000b\000i\000l\000i\000s\000t\000y\000c\000z\000n\000e}{section.4}% 49
\BOOKMARK [3][-]{subsubsection.4.7.1}{\376\377\000P\000r\000z\000y\000k\001\102\000a\000d\000y\000\040\000a\000l\000g\000o\000r\000y\000t\000m\000\363\000w\000\040\000h\000e\000u\000r\000y\000s\000t\000y\000c\000z\000n\000y\000c\000h\000\040\000i\000\040\000p\000r\000o\000b\000a\000b\000i\000l\000i\000s\000t\000y\000c\000z\000n\000y\000c\000h}{subsection.4.7}% 50
\BOOKMARK [2][-]{subsection.4.8}{\376\377\000P\000o\000d\000s\000u\000m\000o\000w\000a\000n\000i\000e}{section.4}% 51
\BOOKMARK [1][-]{section.5}{\376\377\000R\000\363\001\174\000n\000i\000c\000e\000\040\000p\000o\000m\000i\001\031\000d\000z\000y\000\040\000u\000k\001\102\000a\000d\000a\000m\000i\000\040\000k\000o\000m\000b\000i\000n\000a\000c\000y\000j\000n\000y\000m\000i\000\040\000i\000\040\000s\000e\000k\000w\000e\000n\000c\000y\000j\000n\000y\000m\000i\000\040\000o\000r\000a\000z\000\040\000z\000n\000a\000c\000z\000e\000n\000i\000e\000\040\000t\000a\000k\000i\000e\000g\000o\000\040\000p\000o\000d\000z\000i\000a\001\102\000u\000\040\000w\000\040\000p\000r\000o\000c\000e\000s\000i\000e\000\040\000p\000r\000o\000j\000e\000k\000t\000o\000w\000a\000n\000i\000a}{}% 52
\BOOKMARK [2][-]{subsection.5.1}{\376\377\000W\000p\000r\000o\000w\000a\000d\000z\000e\000n\000i\000e}{section.5}% 53
\BOOKMARK [2][-]{subsection.5.2}{\376\377\000U\000k\001\102\000a\000d\000y\000\040\000k\000o\000m\000b\000i\000n\000a\000c\000y\000j\000n\000e}{section.5}% 54
\BOOKMARK [3][-]{subsubsection.5.2.1}{\376\377\000D\000e\000f\000i\000n\000i\000c\000j\000a}{subsection.5.2}% 55
\BOOKMARK [3][-]{subsubsection.5.2.2}{\376\377\000C\000h\000a\000r\000a\000k\000t\000e\000r\000y\000s\000t\000y\000k\000a}{subsection.5.2}% 56
\BOOKMARK [3][-]{subsubsection.5.2.3}{\376\377\000P\000r\000z\000y\000k\001\102\000a\000d\000y\000\040\000u\000k\001\102\000a\000d\000\363\000w\000\040\000k\000o\000m\000b\000i\000n\000a\000c\000y\000j\000n\000y\000c\000h}{subsection.5.2}% 57
\BOOKMARK [2][-]{subsection.5.3}{\376\377\000U\000k\001\102\000a\000d\000y\000\040\000s\000e\000k\000w\000e\000n\000c\000y\000j\000n\000e}{section.5}% 58
\BOOKMARK [3][-]{subsubsection.5.3.1}{\376\377\000D\000e\000f\000i\000n\000i\000c\000j\000a}{subsection.5.3}% 59
\BOOKMARK [3][-]{subsubsection.5.3.2}{\376\377\000C\000h\000a\000r\000a\000k\000t\000e\000r\000y\000s\000t\000y\000k\000a}{subsection.5.3}% 60
\BOOKMARK [3][-]{subsubsection.5.3.3}{\376\377\000P\000r\000z\000y\000k\001\102\000a\000d\000y\000\040\000u\000k\001\102\000a\000d\000\363\000w\000\040\000s\000e\000k\000w\000e\000n\000c\000y\000j\000n\000y\000c\000h}{subsection.5.3}% 61
\BOOKMARK [2][-]{subsection.5.4}{\376\377\000R\000\363\001\174\000n\000i\000c\000e\000\040\000m\000i\001\031\000d\000z\000y\000\040\000u\000k\001\102\000a\000d\000a\000m\000i\000\040\000k\000o\000m\000b\000i\000n\000a\000c\000y\000j\000n\000y\000m\000i\000\040\000i\000\040\000s\000e\000k\000w\000e\000n\000c\000y\000j\000n\000y\000m\000i}{section.5}% 62
\BOOKMARK [2][-]{subsection.5.5}{\376\377\000Z\000n\000a\000c\000z\000e\000n\000i\000e\000\040\000p\000o\000d\000z\000i\000a\001\102\000u\000\040\000w\000\040\000p\000r\000o\000c\000e\000s\000i\000e\000\040\000p\000r\000o\000j\000e\000k\000t\000o\000w\000a\000n\000i\000a}{section.5}% 63
\BOOKMARK [2][-]{subsection.5.6}{\376\377\000P\000o\000d\000s\000u\000m\000o\000w\000a\000n\000i\000e}{section.5}% 64
\BOOKMARK [1][-]{section.6}{\376\377\000P\000o\000d\000s\000t\000a\000w\000o\000w\000e\000\040\000c\000e\000c\000h\000y\000\040\000j\001\031\000z\000y\000k\000a\000\040\000p\000r\000o\000g\000r\000a\000m\000o\000w\000a\000n\000i\000a\000,\000\040\000k\000w\000a\000l\000i\000f\000i\000k\000u\000j\001\005\000c\000e\000\040\000d\000o\000\040\000z\000a\000l\000i\000c\000z\000e\000n\000i\000a\000\040\000d\000o\000\040\000g\000r\000u\000p\000y\000\040\000j\001\031\000z\000y\000k\000\363\000w\000\040\000z\000o\000r\000i\000e\000n\000t\000o\000w\000a\000n\000y\000c\000h\000\040\000o\000b\000i\000e\000k\000t\000o\000w\000o}{}% 65
\BOOKMARK [2][-]{subsection.6.1}{\376\377\000W\000p\000r\000o\000w\000a\000d\000z\000e\000n\000i\000e}{section.6}% 66
\BOOKMARK [2][-]{subsection.6.2}{\376\377\000P\000o\000d\000s\000t\000a\000w\000o\000w\000e\000\040\000c\000e\000c\000h\000y\000\040\000j\001\031\000z\000y\000k\000\363\000w\000\040\000o\000b\000i\000e\000k\000t\000o\000w\000y\000c\000h}{section.6}% 67
\BOOKMARK [3][-]{subsubsection.6.2.1}{\376\377\0001\000.\000\040\000A\000b\000s\000t\000r\000a\000k\000c\000j\000a\000\040\000\050\000A\000b\000s\000t\000r\000a\000c\000t\000i\000o\000n\000\051}{subsection.6.2}% 68
\BOOKMARK [3][-]{subsubsection.6.2.2}{\376\377\0002\000.\000\040\000H\000e\000r\000m\000e\000t\000y\000z\000a\000c\000j\000a\000\040\000\050\000E\000n\000c\000a\000p\000s\000u\000l\000a\000t\000i\000o\000n\000\051}{subsection.6.2}% 69
\BOOKMARK [3][-]{subsubsection.6.2.3}{\376\377\0003\000.\000\040\000D\000z\000i\000e\000d\000z\000i\000c\000z\000e\000n\000i\000e\000\040\000\050\000I\000n\000h\000e\000r\000i\000t\000a\000n\000c\000e\000\051}{subsection.6.2}% 70
\BOOKMARK [3][-]{subsubsection.6.2.4}{\376\377\0004\000.\000\040\000P\000o\000l\000i\000m\000o\000r\000f\000i\000z\000m\000\040\000\050\000P\000o\000l\000y\000m\000o\000r\000p\000h\000i\000s\000m\000\051}{subsection.6.2}% 71
\BOOKMARK [2][-]{subsection.6.3}{\376\377\000D\000o\000d\000a\000t\000k\000o\000w\000e\000\040\000c\000e\000c\000h\000y\000\040\000j\001\031\000z\000y\000k\000\363\000w\000\040\000o\000b\000i\000e\000k\000t\000o\000w\000y\000c\000h}{section.6}% 72
\BOOKMARK [3][-]{subsubsection.6.3.1}{\376\377\0001\000.\000\040\000K\000l\000a\000s\000y\000\040\000i\000\040\000o\000b\000i\000e\000k\000t\000y}{subsection.6.3}% 73
\BOOKMARK [3][-]{subsubsection.6.3.2}{\376\377\0002\000.\000\040\000K\000o\000n\000s\000t\000r\000u\000k\000t\000o\000r\000\040\000i\000\040\000d\000e\000s\000t\000r\000u\000k\000t\000o\000r}{subsection.6.3}% 74
\BOOKMARK [3][-]{subsubsection.6.3.3}{\376\377\0003\000.\000\040\000I\000n\000t\000e\000r\000f\000e\000j\000s\000y\000\040\000i\000\040\000k\000l\000a\000s\000y\000\040\000a\000b\000s\000t\000r\000a\000k\000c\000y\000j\000n\000e}{subsection.6.3}% 75
\BOOKMARK [2][-]{subsection.6.4}{\376\377\000Z\000n\000a\000c\000z\000e\000n\000i\000e\000\040\000o\000b\000i\000e\000k\000t\000o\000w\000e\000g\000o\000\040\000p\000o\000d\000e\000j\001\133\000c\000i\000a\000\040\000w\000\040\000p\000r\000o\000j\000e\000k\000t\000o\000w\000a\000n\000i\000u\000\040\000o\000p\000r\000o\000g\000r\000a\000m\000o\000w\000a\000n\000i\000a}{section.6}% 76
\BOOKMARK [2][-]{subsection.6.5}{\376\377\000P\000r\000z\000y\000k\001\102\000a\000d\000y\000\040\000j\001\031\000z\000y\000k\000\363\000w\000\040\000z\000o\000r\000i\000e\000n\000t\000o\000w\000a\000n\000y\000c\000h\000\040\000o\000b\000i\000e\000k\000t\000o\000w\000o}{section.6}% 77
\BOOKMARK [2][-]{subsection.6.6}{\376\377\000P\000o\000d\000s\000u\000m\000o\000w\000a\000n\000i\000e}{section.6}% 78
\BOOKMARK [1][-]{section.7}{\376\377\000R\000o\000d\000z\000a\000j\000e\000\040\000k\000o\000m\000u\000n\000i\000k\000a\000t\000\363\000w\000\040\000n\000i\000e\000w\000e\000r\000b\000a\000l\000n\000y\000c\000h}{}% 79
\BOOKMARK [2][-]{subsection.7.1}{\376\377\000W\000p\000r\000o\000w\000a\000d\000z\000e\000n\000i\000e}{section.7}% 80
\BOOKMARK [2][-]{subsection.7.2}{\376\377\000P\000o\000d\000s\000t\000a\000w\000o\000w\000e\000\040\000r\000o\000d\000z\000a\000j\000e\000\040\000k\000o\000m\000u\000n\000i\000k\000a\000c\000j\000i\000\040\000n\000i\000e\000w\000e\000r\000b\000a\000l\000n\000e\000j}{section.7}% 81
\BOOKMARK [3][-]{subsubsection.7.2.1}{\376\377\0001\000.\000\040\000M\000o\000w\000a\000\040\000c\000i\000a\001\102\000a\000\040\000\050\000K\000i\000n\000e\000z\000j\000e\000t\000y\000k\000a\000\051}{subsection.7.2}% 82
\BOOKMARK [3][-]{subsubsection.7.2.2}{\376\377\0002\000.\000\040\000K\000o\000n\000t\000a\000k\000t\000\040\000w\000z\000r\000o\000k\000o\000w\000y}{subsection.7.2}% 83
\BOOKMARK [3][-]{subsubsection.7.2.3}{\376\377\0003\000.\000\040\000P\000r\000o\000k\000s\000e\000m\000i\000k\000a\000\040\000\050\000d\000y\000s\000t\000a\000n\000s\000\040\000i\000n\000t\000e\000r\000p\000e\000r\000s\000o\000n\000a\000l\000n\000y\000\051}{subsection.7.2}% 84
\BOOKMARK [3][-]{subsubsection.7.2.4}{\376\377\0004\000.\000\040\000P\000a\000r\000a\000j\001\031\000z\000y\000k\000\040\000\050\000c\000e\000c\000h\000y\000\040\000w\000o\000k\000a\000l\000n\000e\000\051}{subsection.7.2}% 85
\BOOKMARK [3][-]{subsubsection.7.2.5}{\376\377\0005\000.\000\040\000D\000o\000t\000y\000k\000\040\000\050\000H\000a\000p\000t\000y\000k\000a\000\051}{subsection.7.2}% 86
\BOOKMARK [3][-]{subsubsection.7.2.6}{\376\377\0006\000.\000\040\000W\000y\000g\000l\001\005\000d\000\040\000z\000e\000w\000n\001\031\000t\000r\000z\000n\000y}{subsection.7.2}% 87
\BOOKMARK [3][-]{subsubsection.7.2.7}{\376\377\0007\000.\000\040\000C\000h\000r\000o\000n\000e\000m\000i\000k\000a\000\040\000\050\000z\000a\000r\000z\001\005\000d\000z\000a\000n\000i\000e\000\040\000c\000z\000a\000s\000e\000m\000\051}{subsection.7.2}% 88
\BOOKMARK [3][-]{subsubsection.7.2.8}{\376\377\0008\000.\000\040\000A\000r\000t\000e\000f\000a\000k\000t\000y\000\040\000\050\000p\000r\000z\000e\000d\000m\000i\000o\000t\000y\000\051}{subsection.7.2}% 89
\BOOKMARK [2][-]{subsection.7.3}{\376\377\000P\000o\000d\000s\000u\000m\000o\000w\000a\000n\000i\000e}{section.7}% 90
\BOOKMARK [1][-]{section.8}{\376\377\000M\000e\000t\000o\000d\000y\000\040\000r\000o\000z\000w\000i\001\005\000z\000y\000w\000a\000n\000i\000a\000\040\000u\000k\001\102\000a\000d\000\363\000w\000\040\000r\000\363\000w\000n\000a\001\104\000\040\000l\000i\000n\000i\000o\000w\000y\000c\000h\000\040\000s\000t\000o\000s\000o\000w\000a\000n\000e\000\040\000d\000o\000\040\000b\000a\000r\000d\000z\000o\000\040\000d\000u\001\174\000y\000c\000h\000\040\000u\000k\001\102\000a\000d\000\363\000w\000\040\000r\000\363\000w\000n\000a\001\104\000\040\000\050\000w\000r\000a\000z\000\040\000z\000\040\000u\000z\000a\000s\000a\000d\000n\000i\000e\000n\000i\000e\000m\000\051}{}% 91
\BOOKMARK [2][-]{subsection.8.1}{\376\377\000W\000p\000r\000o\000w\000a\000d\000z\000e\000n\000i\000e}{section.8}% 92
\BOOKMARK [2][-]{subsection.8.2}{\376\377\000M\000e\000t\000o\000d\000y\000\040\000b\000e\000z\000p\000o\001\133\000r\000e\000d\000n\000i\000e}{section.8}% 93
\BOOKMARK [3][-]{subsubsection.8.2.1}{\376\377\0001\000.\000\040\000M\000e\000t\000o\000d\000a\000\040\000e\000l\000i\000m\000i\000n\000a\000c\000j\000i\000\040\000G\000a\000u\000s\000s\000a}{subsection.8.2}% 94
\BOOKMARK [3][-]{subsubsection.8.2.2}{\376\377\0002\000.\000\040\000M\000e\000t\000o\000d\000a\000\040\000f\000a\000k\000t\000o\000r\000y\000z\000a\000c\000j\000i\000\040\000L\000U}{subsection.8.2}% 95
\BOOKMARK [3][-]{subsubsection.8.2.3}{\376\377\0003\000.\000\040\000M\000e\000t\000o\000d\000a\000\040\000f\000a\000k\000t\000o\000r\000y\000z\000a\000c\000j\000i\000\040\000C\000h\000o\000l\000e\000s\000k\000y\040\031\000e\000g\000o}{subsection.8.2}% 96
\BOOKMARK [2][-]{subsection.8.3}{\376\377\000M\000e\000t\000o\000d\000y\000\040\000i\000t\000e\000r\000a\000c\000y\000j\000n\000e}{section.8}% 97
\BOOKMARK [3][-]{subsubsection.8.3.1}{\376\377\0001\000.\000\040\000M\000e\000t\000o\000d\000a\000\040\000J\000a\000c\000o\000b\000i\000e\000g\000o}{subsection.8.3}% 98
\BOOKMARK [3][-]{subsubsection.8.3.2}{\376\377\0002\000.\000\040\000M\000e\000t\000o\000d\000a\000\040\000G\000a\000u\000s\000s\000a\000-\000S\000e\000i\000d\000l\000a}{subsection.8.3}% 99
\BOOKMARK [3][-]{subsubsection.8.3.3}{\376\377\0003\000.\000\040\000M\000e\000t\000o\000d\000a\000\040\000g\000r\000a\000d\000i\000e\000n\000t\000u\000\040\000s\000p\000r\000z\001\031\001\174\000o\000n\000e\000g\000o}{subsection.8.3}% 100
\BOOKMARK [3][-]{subsubsection.8.3.4}{\376\377\0004\000.\000\040\000M\000e\000t\000o\000d\000y\000\040\000w\000i\000e\000l\000o\000s\000i\000a\000t\000k\000o\000w\000e}{subsection.8.3}% 101
\BOOKMARK [2][-]{subsection.8.4}{\376\377\000P\000o\000d\000s\000u\000m\000o\000w\000a\000n\000i\000e}{section.8}% 102
\BOOKMARK [1][-]{section.9}{\376\377\000C\000h\000a\000r\000a\000k\000t\000e\000r\000y\000s\000t\000y\000k\000a\000\040\000w\000y\000b\000r\000a\000n\000e\000j\000\040\000m\000e\000t\000o\000d\000y\000\040\000p\000o\000s\000z\000u\000k\000i\000w\000a\000n\000i\000a\000\040\000m\000i\000n\000i\000m\000u\000m\000\040\000f\000u\000n\000k\000c\000j\000i\000\040\000j\000e\000d\000n\000e\000j\000\040\000z\000m\000i\000e\000n\000n\000e\000j}{}% 103
\BOOKMARK [2][-]{subsection.9.1}{\376\377\000W\000p\000r\000o\000w\000a\000d\000z\000e\000n\000i\000e}{section.9}% 104
\BOOKMARK [2][-]{subsection.9.2}{\376\377\000M\000e\000t\000o\000d\000a\000\040\000z\001\102\000o\000t\000e\000g\000o\000\040\000p\000o\000d\000z\000i\000a\001\102\000u}{section.9}% 105
\BOOKMARK [3][-]{subsubsection.9.2.1}{\376\377\000Z\000a\000s\000a\000d\000a\000\040\000d\000z\000i\000a\001\102\000a\000n\000i\000a}{subsection.9.2}% 106
\BOOKMARK [3][-]{subsubsection.9.2.2}{\376\377\000Z\000a\000l\000e\000t\000y\000\040\000m\000e\000t\000o\000d\000y\000\040\000z\001\102\000o\000t\000e\000g\000o\000\040\000p\000o\000d\000z\000i\000a\001\102\000u}{subsection.9.2}% 107
\BOOKMARK [3][-]{subsubsection.9.2.3}{\376\377\000W\000a\000d\000y\000\040\000m\000e\000t\000o\000d\000y\000\040\000z\001\102\000o\000t\000e\000g\000o\000\040\000p\000o\000d\000z\000i\000a\001\102\000u}{subsection.9.2}% 108
\BOOKMARK [2][-]{subsection.9.3}{\376\377\000P\000o\000d\000s\000u\000m\000o\000w\000a\000n\000i\000e}{section.9}% 109
\BOOKMARK [1][-]{section.10}{\376\377\000P\000r\000o\000c\000e\000s\000y\000\040\000i\000\040\000w\001\005\000t\000k\000i\000:\000\040\000d\000e\000f\000i\000n\000i\000c\000j\000e\000,\000\040\000c\000e\000c\000h\000y\000\040\000w\000s\000p\000\363\000l\000n\000e\000\040\000i\000\040\000r\000\363\001\174\000n\000i\000c\000e\000,\000\040\000m\000e\000t\000o\000d\000y\000\040\000t\000w\000o\000r\000z\000e\000n\000i\000a\000\040\000p\000r\000o\000c\000e\000s\000\363\000w\000\040\000i\000\040\000w\001\005\000t\000k\000\363\000w\000\040\000w\000\040\000r\000\363\001\174\000n\000y\000c\000h\000\040\000s\000y\000s\000t\000e\000m\000a\000c\000h\000\040\000o\000p\000e\000r\000a\000c\000y\000j\000n\000y\000c\000h}{}% 110
\BOOKMARK [2][-]{subsection.10.1}{\376\377\000D\000e\000f\000i\000n\000i\000c\000j\000e}{section.10}% 111
\BOOKMARK [3][-]{subsubsection.10.1.1}{\376\377\000P\000r\000o\000c\000e\000s}{subsection.10.1}% 112
\BOOKMARK [3][-]{subsubsection.10.1.2}{\376\377\000W\001\005\000t\000e\000k}{subsection.10.1}% 113
\BOOKMARK [2][-]{subsection.10.2}{\376\377\000C\000e\000c\000h\000y\000\040\000w\000s\000p\000\363\000l\000n\000e\000\040\000p\000r\000o\000c\000e\000s\000\363\000w\000\040\000i\000\040\000w\001\005\000t\000k\000\363\000w}{section.10}% 114
\BOOKMARK [2][-]{subsection.10.3}{\376\377\000R\000\363\001\174\000n\000i\000c\000e\000\040\000m\000i\001\031\000d\000z\000y\000\040\000p\000r\000o\000c\000e\000s\000a\000m\000i\000\040\000a\000\040\000w\001\005\000t\000k\000a\000m\000i}{section.10}% 115
\BOOKMARK [2][-]{subsection.10.4}{\376\377\000M\000e\000t\000o\000d\000y\000\040\000t\000w\000o\000r\000z\000e\000n\000i\000a\000\040\000p\000r\000o\000c\000e\000s\000\363\000w\000\040\000i\000\040\000w\001\005\000t\000k\000\363\000w\000\040\000w\000\040\000r\000\363\001\174\000n\000y\000c\000h\000\040\000s\000y\000s\000t\000e\000m\000a\000c\000h\000\040\000o\000p\000e\000r\000a\000c\000y\000j\000n\000y\000c\000h}{section.10}% 116
\BOOKMARK [3][-]{subsubsection.10.4.1}{\376\377\000T\000w\000o\000r\000z\000e\000n\000i\000e\000\040\000p\000r\000o\000c\000e\000s\000\363\000w}{subsection.10.4}% 117
\BOOKMARK [3][-]{subsubsection.10.4.2}{\376\377\000T\000w\000o\000r\000z\000e\000n\000i\000e\000\040\000w\001\005\000t\000k\000\363\000w}{subsection.10.4}% 118
\BOOKMARK [2][-]{subsection.10.5}{\376\377\000P\000o\000d\000s\000u\000m\000o\000w\000a\000n\000i\000e}{section.10}% 119
\BOOKMARK [1][-]{section.11}{\376\377\000T\000a\000b\000l\000i\000c\000e\000\040\000m\000i\000e\000s\000z\000a\000j\001\005\000c\000e}{}% 120
\BOOKMARK [2][-]{subsection.11.1}{\376\377\000W\000p\000r\000o\000w\000a\000d\000z\000e\000n\000i\000e}{section.11}% 121
\BOOKMARK [2][-]{subsection.11.2}{\376\377\000Z\000a\000s\000a\000d\000a\000\040\000d\000z\000i\000a\001\102\000a\000n\000i\000a}{section.11}% 122
\BOOKMARK [2][-]{subsection.11.3}{\376\377\000F\000u\000n\000k\000c\000j\000e\000\040\000m\000i\000e\000s\000z\000a\000j\001\005\000c\000e}{section.11}% 123
\BOOKMARK [2][-]{subsection.11.4}{\376\377\000K\000o\000l\000i\000z\000j\000e\000\040\000i\000\040\000i\000c\000h\000\040\000r\000o\000z\000w\000i\001\005\000z\000y\000w\000a\000n\000i\000e}{section.11}% 124
\BOOKMARK [3][-]{subsubsection.11.4.1}{\376\377\0001\000.\000\040\001\101\000a\001\104\000c\000u\000c\000h\000o\000w\000a\000n\000i\000e\000\040\000\050\000C\000h\000a\000i\000n\000i\000n\000g\000\051}{subsection.11.4}% 125
\BOOKMARK [3][-]{subsubsection.11.4.2}{\376\377\0002\000.\000\040\000O\000t\000w\000a\000r\000t\000a\000\040\000a\000d\000r\000e\000s\000a\000c\000j\000a\000\040\000\050\000O\000p\000e\000n\000\040\000A\000d\000d\000r\000e\000s\000s\000i\000n\000g\000\051}{subsection.11.4}% 126
\BOOKMARK [2][-]{subsection.11.5}{\376\377\000Z\001\102\000o\001\174\000o\000n\000o\001\133\001\007\000\040\000c\000z\000a\000s\000o\000w\000a}{section.11}% 127
\BOOKMARK [2][-]{subsection.11.6}{\376\377\000Z\000a\000s\000t\000o\000s\000o\000w\000a\000n\000i\000a\000\040\000t\000a\000b\000l\000i\000c\000\040\000m\000i\000e\000s\000z\000a\000j\001\005\000c\000y\000c\000h}{section.11}% 128
\BOOKMARK [2][-]{subsection.11.7}{\376\377\000P\000o\000d\000s\000u\000m\000o\000w\000a\000n\000i\000e}{section.11}% 129
\BOOKMARK [1][-]{section.12}{\376\377\000H\000i\000e\000r\000a\000r\000c\000h\000i\000a\000\040\000p\000a\000m\000i\001\031\000c\000i\000,\000\040\000z\000\040\000u\000w\000z\000g\000l\001\031\000d\000n\000i\000e\000n\000i\000e\000m\000\040\000p\000a\000m\000i\001\031\000c\000i\000\040\000p\000o\000d\000r\001\031\000c\000z\000n\000e\000j\000\040\000o\000r\000a\000z\000\040\000p\000a\000m\000i\001\031\000c\000i\000\040\000w\000i\000r\000t\000u\000a\000l\000n\000e\000j}{}% 130
\BOOKMARK [2][-]{subsection.12.1}{\376\377\000W\000p\000r\000o\000w\000a\000d\000z\000e\000n\000i\000e}{section.12}% 131
\BOOKMARK [2][-]{subsection.12.2}{\376\377\000P\000o\000z\000i\000o\000m\000y\000\040\000h\000i\000e\000r\000a\000r\000c\000h\000i\000i\000\040\000p\000a\000m\000i\001\031\000c\000i}{section.12}% 132
\BOOKMARK [2][-]{subsection.12.3}{\376\377\000P\000a\000m\000i\001\031\001\007\000\040\000p\000o\000d\000r\001\031\000c\000z\000n\000a\000\040\000\050\000c\000a\000c\000h\000e\000\051}{section.12}% 133
\BOOKMARK [3][-]{subsubsection.12.3.1}{\376\377\000P\000o\000z\000i\000o\000m\000y\000\040\000p\000a\000m\000i\001\031\000c\000i\000\040\000c\000a\000c\000h\000e}{subsection.12.3}% 134
\BOOKMARK [3][-]{subsubsection.12.3.2}{\376\377\000Z\000a\000s\000a\000d\000a\000\040\000d\000z\000i\000a\001\102\000a\000n\000i\000a\000\040\000p\000a\000m\000i\001\031\000c\000i\000\040\000p\000o\000d\000r\001\031\000c\000z\000n\000e\000j}{subsection.12.3}% 135
\BOOKMARK [3][-]{subsubsection.12.3.3}{\376\377\000S\000t\000r\000a\000t\000e\000g\000i\000e\000\040\000z\000a\000r\000z\001\005\000d\000z\000a\000n\000i\000a\000\040\000p\000a\000m\000i\001\031\000c\000i\001\005\000\040\000p\000o\000d\000r\001\031\000c\000z\000n\001\005}{subsection.12.3}% 136
\BOOKMARK [3][-]{subsubsection.12.3.4}{\376\377\000W\000s\000k\000a\001\172\000n\000i\000k\000\040\000t\000r\000a\000f\000i\000e\001\104\000\040\000\050\000h\000i\000t\000\040\000r\000a\000t\000e\000\051}{subsection.12.3}% 137
\BOOKMARK [2][-]{subsection.12.4}{\376\377\000P\000a\000m\000i\001\031\001\007\000\040\000w\000i\000r\000t\000u\000a\000l\000n\000a}{section.12}% 138
\BOOKMARK [3][-]{subsubsection.12.4.1}{\376\377\000Z\000a\000s\000a\000d\000a\000\040\000d\000z\000i\000a\001\102\000a\000n\000i\000a}{subsection.12.4}% 139
\BOOKMARK [3][-]{subsubsection.12.4.2}{\376\377\000Z\000a\000l\000e\000t\000y\000\040\000p\000a\000m\000i\001\031\000c\000i\000\040\000w\000i\000r\000t\000u\000a\000l\000n\000e\000j}{subsection.12.4}% 140
\BOOKMARK [3][-]{subsubsection.12.4.3}{\376\377\000W\000a\000d\000y\000\040\000p\000a\000m\000i\001\031\000c\000i\000\040\000w\000i\000r\000t\000u\000a\000l\000n\000e\000j}{subsection.12.4}% 141
\BOOKMARK [3][-]{subsubsection.12.4.4}{\376\377\000M\000e\000c\000h\000a\000n\000i\000z\000m\000y\000\040\000z\000a\000r\000z\001\005\000d\000z\000a\000n\000i\000a\000\040\000p\000a\000m\000i\001\031\000c\000i\001\005\000\040\000w\000i\000r\000t\000u\000a\000l\000n\001\005}{subsection.12.4}% 142
\BOOKMARK [2][-]{subsection.12.5}{\376\377\000P\000o\000d\000s\000u\000m\000o\000w\000a\000n\000i\000e}{section.12}% 143
\BOOKMARK [1][-]{section.13}{\376\377\000P\000o\000j\001\031\000c\000i\000e\000\040\000i\000\040\000k\000a\000t\000e\000g\000o\000r\000i\000e\000\040\000w\000y\000n\000a\000l\000a\000z\000k\000u}{}% 144
\BOOKMARK [2][-]{subsection.13.1}{\376\377\000D\000e\000f\000i\000n\000i\000c\000j\000a\000\040\000w\000y\000n\000a\000l\000a\000z\000k\000u}{section.13}% 145
\BOOKMARK [2][-]{subsection.13.2}{\376\377\000K\000a\000t\000e\000g\000o\000r\000i\000e\000\040\000w\000y\000n\000a\000l\000a\000z\000k\000\363\000w}{section.13}% 146
\BOOKMARK [3][-]{subsubsection.13.2.1}{\376\377\0001\000.\000\040\000W\000y\000n\000a\000l\000a\000z\000k\000i\000\040\000p\000r\000o\000d\000u\000k\000t\000o\000w\000e}{subsection.13.2}% 147
\BOOKMARK [3][-]{subsubsection.13.2.2}{\376\377\0002\000.\000\040\000W\000y\000n\000a\000l\000a\000z\000k\000i\000\040\000p\000r\000o\000c\000e\000s\000o\000w\000e}{subsection.13.2}% 148
\BOOKMARK [3][-]{subsubsection.13.2.3}{\376\377\0003\000.\000\040\000W\000y\000n\000a\000l\000a\000z\000k\000i\000\040\000d\000o\000t\000y\000c\000z\001\005\000c\000e\000\040\000z\000a\000s\000t\000o\000s\000o\000w\000a\000n\000i\000a}{subsection.13.2}% 149
\BOOKMARK [3][-]{subsubsection.13.2.4}{\376\377\0004\000.\000\040\000W\000y\000n\000a\000l\000a\000z\000k\000i\000\040\000d\000o\000t\000y\000c\000z\001\005\000c\000e\000\040\000o\000p\000r\000o\000g\000r\000a\000m\000o\000w\000a\000n\000i\000a}{subsection.13.2}% 150
\BOOKMARK [3][-]{subsubsection.13.2.5}{\376\377\0005\000.\000\040\000W\000y\000n\000a\000l\000a\000z\000k\000i\000\040\000b\000i\000o\000t\000e\000c\000h\000n\000o\000l\000o\000g\000i\000c\000z\000n\000e}{subsection.13.2}% 151
\BOOKMARK [2][-]{subsection.13.3}{\376\377\000O\000g\000r\000a\000n\000i\000c\000z\000e\000n\000i\000a\000\040\000w\000\040\000z\000a\000k\000r\000e\000s\000i\000e\000\040\000p\000a\000t\000e\000n\000t\000o\000w\000a\000n\000i\000a}{section.13}% 152
\BOOKMARK [2][-]{subsection.13.4}{\376\377\000P\000o\000d\000s\000u\000m\000o\000w\000a\000n\000i\000e}{section.13}% 153
\BOOKMARK [1][-]{section.14}{\376\377\000C\000h\000a\000r\000a\000k\000t\000e\000r\000y\000s\000t\000y\000k\000a\000\040\000w\000y\000b\000r\000a\000n\000e\000g\000o\000\040\000m\000o\000d\000e\000l\000u\000\040\000o\001\133\000w\000i\000e\000t\000l\000e\000n\000i\000a\000\040\000o\000r\000a\000z\000\040\000j\000e\000g\000o\000\040\000k\000o\000m\000p\000o\000n\000e\000n\000t\000\363\000w}{}% 154
\BOOKMARK [2][-]{subsection.14.1}{\376\377\000W\000p\000r\000o\000w\000a\000d\000z\000e\000n\000i\000e}{section.14}% 155
\BOOKMARK [2][-]{subsection.14.2}{\376\377\000M\000o\000d\000e\000l\000\040\000o\001\133\000w\000i\000e\000t\000l\000e\000n\000i\000a\000\040\000P\000h\000o\000n\000g\000a}{section.14}% 156
\BOOKMARK [3][-]{subsubsection.14.2.1}{\376\377\0001\000.\000\040\000S\000k\001\102\000a\000d\000n\000i\000k\000\040\000o\001\133\000w\000i\000e\000t\000l\000e\000n\000i\000a\000\040\000o\000t\000o\000c\000z\000e\000n\000i\000a\000\040\000\050\000A\000m\000b\000i\000e\000n\000t\000\040\000L\000i\000g\000h\000t\000\051}{subsection.14.2}% 157
\BOOKMARK [3][-]{subsubsection.14.2.2}{\376\377\0002\000.\000\040\000S\000k\001\102\000a\000d\000n\000i\000k\000\040\000o\001\133\000w\000i\000e\000t\000l\000e\000n\000i\000a\000\040\000r\000o\000z\000p\000r\000o\000s\000z\000o\000n\000e\000g\000o\000\040\000\050\000D\000i\000f\000f\000u\000s\000e\000\040\000L\000i\000g\000h\000t\000\051}{subsection.14.2}% 158
\BOOKMARK [3][-]{subsubsection.14.2.3}{\376\377\0003\000.\000\040\000S\000k\001\102\000a\000d\000n\000i\000k\000\040\000o\001\133\000w\000i\000e\000t\000l\000e\000n\000i\000a\000\040\000o\000d\000b\000i\000t\000e\000g\000o\000\040\000\050\000S\000p\000e\000c\000u\000l\000a\000r\000\040\000L\000i\000g\000h\000t\000\051}{subsection.14.2}% 159
\BOOKMARK [2][-]{subsection.14.3}{\376\377\000R\000o\000d\000z\000a\000j\000e\000\040\001\172\000r\000\363\000d\000e\001\102\000\040\001\133\000w\000i\000a\000t\001\102\000a}{section.14}% 160
\BOOKMARK [2][-]{subsection.14.4}{\376\377\000Z\000a\000l\000e\000t\000y\000\040\000m\000o\000d\000e\000l\000u\000\040\000P\000h\000o\000n\000g\000a}{section.14}% 161
\BOOKMARK [2][-]{subsection.14.5}{\376\377\000W\000a\000d\000y\000\040\000m\000o\000d\000e\000l\000u\000\040\000P\000h\000o\000n\000g\000a}{section.14}% 162
\BOOKMARK [2][-]{subsection.14.6}{\376\377\000P\000o\000d\000s\000u\000m\000o\000w\000a\000n\000i\000e}{section.14}% 163
\BOOKMARK [1][-]{section.15}{\376\377\000M\000e\000t\000o\000d\000y\000\040\000z\000w\000i\000e\000l\000o\000k\000r\000o\000t\000n\000i\000e\000n\000i\000a\000\040\000k\000a\000n\000a\001\102\000\363\000w\000\040\000t\000r\000a\000n\000s\000m\000i\000s\000y\000j\000n\000y\000c\000h\000\040\000o\000r\000a\000z\000\040\000m\000e\000d\000i\000a\000\040\000t\000r\000a\000n\000s\000m\000i\000s\000y\000j\000n\000e}{}% 164
\BOOKMARK [2][-]{subsection.15.1}{\376\377\000W\000p\000r\000o\000w\000a\000d\000z\000e\000n\000i\000e}{section.15}% 165
\BOOKMARK [2][-]{subsection.15.2}{\376\377\000M\000e\000t\000o\000d\000y\000\040\000z\000w\000i\000e\000l\000o\000k\000r\000o\000t\000n\000i\000e\000n\000i\000a\000\040\000k\000a\000n\000a\001\102\000\363\000w\000\040\000t\000r\000a\000n\000s\000m\000i\000s\000y\000j\000n\000y\000c\000h}{section.15}% 166
\BOOKMARK [3][-]{subsubsection.15.2.1}{\376\377\0001\000.\000\040\000Z\000w\000i\000e\000l\000o\000k\000r\000o\000t\000n\000i\000e\000n\000i\000e\000\040\000c\000z\001\031\000s\000t\000o\000t\000l\000i\000w\000o\001\133\000c\000i\000o\000w\000e\000\040\000\050\000F\000D\000M\000\040\040\023\000\040\000F\000r\000e\000q\000u\000e\000n\000c\000y\000\040\000D\000i\000v\000i\000s\000i\000o\000n\000\040\000M\000u\000l\000t\000i\000p\000l\000e\000x\000i\000n\000g\000\051}{subsection.15.2}% 167
\BOOKMARK [3][-]{subsubsection.15.2.2}{\376\377\0002\000.\000\040\000Z\000w\000i\000e\000l\000o\000k\000r\000o\000t\000n\000i\000e\000n\000i\000e\000\040\000c\000z\000a\000s\000o\000w\000e\000\040\000\050\000T\000D\000M\000\040\040\023\000\040\000T\000i\000m\000e\000\040\000D\000i\000v\000i\000s\000i\000o\000n\000\040\000M\000u\000l\000t\000i\000p\000l\000e\000x\000i\000n\000g\000\051}{subsection.15.2}% 168
\BOOKMARK [3][-]{subsubsection.15.2.3}{\376\377\0003\000.\000\040\000Z\000w\000i\000e\000l\000o\000k\000r\000o\000t\000n\000i\000e\000n\000i\000e\000\040\000k\000o\000d\000o\000w\000e\000\040\000\050\000C\000D\000M\000\040\040\023\000\040\000C\000o\000d\000e\000\040\000D\000i\000v\000i\000s\000i\000o\000n\000\040\000M\000u\000l\000t\000i\000p\000l\000e\000x\000i\000n\000g\000\051}{subsection.15.2}% 169
\BOOKMARK [3][-]{subsubsection.15.2.4}{\376\377\0004\000.\000\040\000Z\000w\000i\000e\000l\000o\000k\000r\000o\000t\000n\000i\000e\000n\000i\000e\000\040\000p\000r\000z\000e\000s\000t\000r\000z\000e\000n\000n\000e\000\040\000\050\000S\000D\000M\000\040\040\023\000\040\000S\000p\000a\000c\000e\000\040\000D\000i\000v\000i\000s\000i\000o\000n\000\040\000M\000u\000l\000t\000i\000p\000l\000e\000x\000i\000n\000g\000\051}{subsection.15.2}% 170
\BOOKMARK [3][-]{subsubsection.15.2.5}{\376\377\0005\000.\000\040\000Z\000w\000i\000e\000l\000o\000k\000r\000o\000t\000n\000i\000e\000n\000i\000e\000\040\000d\001\102\000u\000g\000o\001\133\000c\000i\000\040\000f\000a\000l\000i\000\040\000\050\000W\000D\000M\000\040\040\023\000\040\000W\000a\000v\000e\000l\000e\000n\000g\000t\000h\000\040\000D\000i\000v\000i\000s\000i\000o\000n\000\040\000M\000u\000l\000t\000i\000p\000l\000e\000x\000i\000n\000g\000\051}{subsection.15.2}% 171
\BOOKMARK [2][-]{subsection.15.3}{\376\377\000M\000e\000d\000i\000a\000\040\000t\000r\000a\000n\000s\000m\000i\000s\000y\000j\000n\000e}{section.15}% 172
\BOOKMARK [3][-]{subsubsection.15.3.1}{\376\377\0001\000.\000\040\000M\000e\000d\000i\000a\000\040\000p\000r\000z\000e\000w\000o\000d\000o\000w\000e}{subsection.15.3}% 173
\BOOKMARK [3][-]{subsubsection.15.3.2}{\376\377\0002\000.\000\040\000M\000e\000d\000i\000a\000\040\000b\000e\000z\000p\000r\000z\000e\000w\000o\000d\000o\000w\000e}{subsection.15.3}% 174
\BOOKMARK [2][-]{subsection.15.4}{\376\377\000P\000o\000d\000s\000u\000m\000o\000w\000a\000n\000i\000e}{section.15}% 175
\BOOKMARK [1][-]{section.16}{\376\377\000G\001\102\000\363\000w\000n\000e\000\040\000m\000o\000d\000e\000l\000e\000\040\000p\000r\000o\000c\000e\000s\000u\000\040\000w\000y\000t\000w\000a\000r\000z\000a\000n\000i\000a\000\040\000o\000p\000r\000o\000g\000r\000a\000m\000o\000w\000a\000n\000i\000a}{}% 176
\BOOKMARK [2][-]{subsection.16.1}{\376\377\000W\000p\000r\000o\000w\000a\000d\000z\000e\000n\000i\000e}{section.16}% 177
\BOOKMARK [2][-]{subsection.16.2}{\376\377\000G\001\102\000\363\000w\000n\000e\000\040\000m\000o\000d\000e\000l\000e\000\040\000w\000y\000t\000w\000a\000r\000z\000a\000n\000i\000a\000\040\000o\000p\000r\000o\000g\000r\000a\000m\000o\000w\000a\000n\000i\000a}{section.16}% 178
\BOOKMARK [3][-]{subsubsection.16.2.1}{\376\377\0001\000.\000\040\000M\000o\000d\000e\000l\000\040\000k\000a\000s\000k\000a\000d\000o\000w\000y\000\040\000\050\000W\000a\000t\000e\000r\000f\000a\000l\000l\000\051}{subsection.16.2}% 179
\BOOKMARK [3][-]{subsubsection.16.2.2}{\376\377\0002\000.\000\040\000M\000o\000d\000e\000l\000\040\000V}{subsection.16.2}% 180
\BOOKMARK [3][-]{subsubsection.16.2.3}{\376\377\0003\000.\000\040\000M\000o\000d\000e\000l\000\040\000i\000t\000e\000r\000a\000c\000y\000j\000n\000y}{subsection.16.2}% 181
\BOOKMARK [3][-]{subsubsection.16.2.4}{\376\377\0004\000.\000\040\000M\000o\000d\000e\000l\000\040\000p\000r\000z\000y\000r\000o\000s\000t\000o\000w\000y\000\040\000\050\000I\000n\000c\000r\000e\000m\000e\000n\000t\000a\000l\000\051}{subsection.16.2}% 182
\BOOKMARK [3][-]{subsubsection.16.2.5}{\376\377\0005\000.\000\040\000M\000o\000d\000e\000l\000\040\000s\000p\000i\000r\000a\000l\000n\000y}{subsection.16.2}% 183
\BOOKMARK [3][-]{subsubsection.16.2.6}{\376\377\0006\000.\000\040\000M\000e\000t\000o\000d\000y\000k\000i\000\040\000z\000w\000i\000n\000n\000e\000\040\000\050\000A\000g\000i\000l\000e\000\051}{subsection.16.2}% 184
\BOOKMARK [2][-]{subsection.16.3}{\376\377\000P\000o\000d\000s\000u\000m\000o\000w\000a\000n\000i\000e}{section.16}% 185
\BOOKMARK [1][-]{section.17}{\376\377\000M\000e\000c\000h\000a\000n\000i\000z\000m\000y\000\040\000i\000n\000d\000e\000k\000s\000o\000w\000a\000n\000i\000a\000\040\000w\000\040\000r\000e\000l\000a\000c\000y\000j\000n\000y\000c\000h\000\040\000b\000a\000z\000a\000c\000h\000\040\000d\000a\000n\000y\000c\000h}{}% 186
\BOOKMARK [2][-]{subsection.17.1}{\376\377\000W\000p\000r\000o\000w\000a\000d\000z\000e\000n\000i\000e}{section.17}% 187
\BOOKMARK [2][-]{subsection.17.2}{\376\377\000R\000o\000d\000z\000a\000j\000e\000\040\000i\000n\000d\000e\000k\000s\000\363\000w}{section.17}% 188
\BOOKMARK [3][-]{subsubsection.17.2.1}{\376\377\0001\000.\000\040\000I\000n\000d\000e\000k\000s\000\040\000k\000l\000a\000s\000t\000r\000o\000w\000a\000n\000y\000\040\000\050\000C\000l\000u\000s\000t\000e\000r\000e\000d\000\040\000I\000n\000d\000e\000x\000\051}{subsection.17.2}% 189
\BOOKMARK [3][-]{subsubsection.17.2.2}{\376\377\0002\000.\000\040\000I\000n\000d\000e\000k\000s\000\040\000n\000i\000e\000k\000l\000a\000s\000t\000r\000o\000w\000a\000n\000y\000\040\000\050\000N\000o\000n\000-\000c\000l\000u\000s\000t\000e\000r\000e\000d\000\040\000I\000n\000d\000e\000x\000\051}{subsection.17.2}% 190
\BOOKMARK [3][-]{subsubsection.17.2.3}{\376\377\0003\000.\000\040\000I\000n\000d\000e\000k\000s\000\040\000w\000i\000e\000l\000o\000k\000o\000l\000u\000m\000n\000o\000w\000y\000\040\000\050\000C\000o\000m\000p\000o\000s\000i\000t\000e\000\040\000I\000n\000d\000e\000x\000\051}{subsection.17.2}% 191
\BOOKMARK [3][-]{subsubsection.17.2.4}{\376\377\0004\000.\000\040\000I\000n\000d\000e\000k\000s\000\040\000u\000n\000i\000k\000a\000l\000n\000y\000\040\000\050\000U\000n\000i\000q\000u\000e\000\040\000I\000n\000d\000e\000x\000\051}{subsection.17.2}% 192
\BOOKMARK [3][-]{subsubsection.17.2.5}{\376\377\0005\000.\000\040\000I\000n\000d\000e\000k\000s\000\040\000p\000e\001\102\000n\000o\000t\000e\000k\000s\000t\000o\000w\000y\000\040\000\050\000F\000u\000l\000l\000-\000t\000e\000x\000t\000\040\000I\000n\000d\000e\000x\000\051}{subsection.17.2}% 193
\BOOKMARK [2][-]{subsection.17.3}{\376\377\000P\000o\000d\000s\000u\000m\000o\000w\000a\000n\000i\000e}{section.17}% 194
\BOOKMARK [1][-]{section.18}{\376\377\000M\000o\001\174\000l\000i\000w\000o\001\133\000c\000i\000\040\000i\000\040\000o\000g\000r\000a\000n\000i\000c\000z\000e\000n\000i\000a\000\040\000t\000r\000a\000n\000s\000a\000k\000c\000j\000i\000\040\000w\000\040\000r\000e\000l\000a\000c\000y\000j\000n\000y\000c\000h\000\040\000b\000a\000z\000a\000c\000h\000\040\000d\000a\000n\000y\000c\000h}{}% 195
\BOOKMARK [2][-]{subsection.18.1}{\376\377\000W\000p\000r\000o\000w\000a\000d\000z\000e\000n\000i\000e}{section.18}% 196
\BOOKMARK [2][-]{subsection.18.2}{\376\377\000M\000o\001\174\000l\000i\000w\000o\001\133\000c\000i\000\040\000t\000r\000a\000n\000s\000a\000k\000c\000j\000i\000\040\000w\000\040\000r\000e\000l\000a\000c\000y\000j\000n\000y\000c\000h\000\040\000b\000a\000z\000a\000c\000h\000\040\000d\000a\000n\000y\000c\000h}{section.18}% 197
\BOOKMARK [3][-]{subsubsection.18.2.1}{\376\377\0001\000.\000\040\000S\000p\000\363\000j\000n\000o\001\133\001\007\000\040\000d\000a\000n\000y\000c\000h\000\040\000\050\000C\000o\000n\000s\000i\000s\000t\000e\000n\000c\000y\000\051}{subsection.18.2}% 198
\BOOKMARK [3][-]{subsubsection.18.2.2}{\376\377\0002\000.\000\040\000O\000d\000p\000o\000r\000n\000o\001\133\001\007\000\040\000n\000a\000\040\000b\001\102\001\031\000d\000y\000\040\000\050\000A\000t\000o\000m\000i\000c\000i\000t\000y\000\051}{subsection.18.2}% 199
\BOOKMARK [3][-]{subsubsection.18.2.3}{\376\377\0003\000.\000\040\000I\000z\000o\000l\000a\000c\000j\000a\000\040\000t\000r\000a\000n\000s\000a\000k\000c\000j\000i\000\040\000\050\000I\000s\000o\000l\000a\000t\000i\000o\000n\000\051}{subsection.18.2}% 200
\BOOKMARK [3][-]{subsubsection.18.2.4}{\376\377\0004\000.\000\040\000T\000r\000w\000a\001\102\000o\001\133\001\007\000\040\000\050\000D\000u\000r\000a\000b\000i\000l\000i\000t\000y\000\051}{subsection.18.2}% 201
\BOOKMARK [2][-]{subsection.18.3}{\376\377\000O\000g\000r\000a\000n\000i\000c\000z\000e\000n\000i\000a\000\040\000t\000r\000a\000n\000s\000a\000k\000c\000j\000i\000\040\000w\000\040\000r\000e\000l\000a\000c\000y\000j\000n\000y\000c\000h\000\040\000b\000a\000z\000a\000c\000h\000\040\000d\000a\000n\000y\000c\000h}{section.18}% 202
\BOOKMARK [3][-]{subsubsection.18.3.1}{\376\377\0001\000.\000\040\000P\000r\000o\000b\000l\000e\000m\000y\000\040\000w\000s\000p\000\363\001\102\000b\000i\000e\001\174\000n\000o\001\133\000c\000i}{subsection.18.3}% 203
\BOOKMARK [3][-]{subsubsection.18.3.2}{\376\377\0002\000.\000\040\000N\000a\000r\000z\000u\000t\000\040\000w\000y\000d\000a\000j\000n\000o\001\133\000c\000i\000o\000w\000y}{subsection.18.3}% 204
\BOOKMARK [3][-]{subsubsection.18.3.3}{\376\377\0003\000.\000\040\000P\000r\000o\000b\000l\000e\000m\000y\000\040\000z\000\040\000d\001\102\000u\000g\000i\000m\000i\000\040\000t\000r\000a\000n\000s\000a\000k\000c\000j\000a\000m\000i}{subsection.18.3}% 205
\BOOKMARK [3][-]{subsubsection.18.3.4}{\376\377\0004\000.\000\040\000M\000o\001\174\000l\000i\000w\000o\001\133\001\007\000\040\000z\000a\000k\000l\000e\000s\000z\000c\000z\000e\001\104\000\040\000\050\000D\000e\000a\000d\000l\000o\000c\000k\000s\000\051}{subsection.18.3}% 206
\BOOKMARK [3][-]{subsubsection.18.3.5}{\376\377\0005\000.\000\040\000B\000r\000a\000k\000\040\000w\000s\000p\000a\000r\000c\000i\000a\000\040\000d\000l\000a\000\040\000r\000o\000z\000p\000r\000o\000s\000z\000o\000n\000y\000c\000h\000\040\000t\000r\000a\000n\000s\000a\000k\000c\000j\000i}{subsection.18.3}% 207
\BOOKMARK [2][-]{subsection.18.4}{\376\377\000P\000o\000d\000s\000u\000m\000o\000w\000a\000n\000i\000e}{section.18}% 208
\BOOKMARK [1][-]{section.19}{\376\377\000Z\000n\000a\000n\000e\000\040\000m\000e\000t\000o\000d\000y\000\040\000o\000c\000e\000n\000y\000\040\000j\000a\000k\000o\001\133\000c\000i\000\040\000m\000o\000d\000e\000l\000i\000\040\000k\000l\000a\000s\000y\000f\000i\000k\000a\000c\000y\000j\000n\000y\000c\000h\000\040\000i\000\040\000r\000e\000g\000r\000e\000s\000y\000j\000n\000y\000c\000h}{}% 209
\BOOKMARK [2][-]{subsection.19.1}{\376\377\000W\000p\000r\000o\000w\000a\000d\000z\000e\000n\000i\000e}{section.19}% 210
\BOOKMARK [2][-]{subsection.19.2}{\376\377\000M\000e\000t\000o\000d\000y\000\040\000o\000c\000e\000n\000y\000\040\000m\000o\000d\000e\000l\000i\000\040\000k\000l\000a\000s\000y\000f\000i\000k\000a\000c\000y\000j\000n\000y\000c\000h}{section.19}% 211
\BOOKMARK [3][-]{subsubsection.19.2.1}{\376\377\0001\000.\000\040\000M\000a\000c\000i\000e\000r\000z\000\040\000p\000o\000m\000y\001\102\000e\000k\000\040\000\050\000C\000o\000n\000f\000u\000s\000i\000o\000n\000\040\000M\000a\000t\000r\000i\000x\000\051}{subsection.19.2}% 212
\BOOKMARK [3][-]{subsubsection.19.2.2}{\376\377\0002\000.\000\040\000M\000i\000a\000r\000y\000\040\000j\000a\000k\000o\001\133\000c\000i\000\040\000k\000l\000a\000s\000y\000f\000i\000k\000a\000c\000j\000i}{subsection.19.2}% 213
\BOOKMARK [2][-]{subsection.19.3}{\376\377\000M\000e\000t\000o\000d\000y\000\040\000o\000c\000e\000n\000y\000\040\000m\000o\000d\000e\000l\000i\000\040\000r\000e\000g\000r\000e\000s\000y\000j\000n\000y\000c\000h}{section.19}% 214
\BOOKMARK [3][-]{subsubsection.19.3.1}{\376\377\0001\000.\000\040\001\132\000r\000e\000d\000n\000i\000\040\000b\001\102\001\005\000d\000\040\000a\000b\000s\000o\000l\000u\000t\000n\000y\000\040\000\050\000M\000e\000a\000n\000\040\000A\000b\000s\000o\000l\000u\000t\000e\000\040\000E\000r\000r\000o\000r\000,\000\040\000M\000A\000E\000\051}{subsection.19.3}% 215
\BOOKMARK [3][-]{subsubsection.19.3.2}{\376\377\0002\000.\000\040\001\132\000r\000e\000d\000n\000i\000\040\000b\001\102\001\005\000d\000\040\000k\000w\000a\000d\000r\000a\000t\000o\000w\000y\000\040\000\050\000M\000e\000a\000n\000\040\000S\000q\000u\000a\000r\000e\000d\000\040\000E\000r\000r\000o\000r\000,\000\040\000M\000S\000E\000\051}{subsection.19.3}% 216
\BOOKMARK [3][-]{subsubsection.19.3.3}{\376\377\0003\000.\000\040\000P\000i\000e\000r\000w\000i\000a\000s\000t\000e\000k\000\040\001\133\000r\000e\000d\000n\000i\000e\000g\000o\000\040\000b\001\102\001\031\000d\000u\000\040\000k\000w\000a\000d\000r\000a\000t\000o\000w\000e\000g\000o\000\040\000\050\000R\000o\000o\000t\000\040\000M\000e\000a\000n\000\040\000S\000q\000u\000a\000r\000e\000d\000\040\000E\000r\000r\000o\000r\000,\000\040\000R\000M\000S\000E\000\051}{subsection.19.3}% 217
\BOOKMARK [3][-]{subsubsection.19.3.4}{\376\377\0004\000.\000\040\000W\000s\000p\000\363\001\102\000c\000z\000y\000n\000n\000i\000k\000\040\000d\000e\000t\000e\000r\000m\000i\000n\000a\000c\000j\000i\000\040\000\050\000R\000-\000s\000q\000u\000a\000r\000e\000d\000,\000\040\000\040\000R\0002\000\040\000\051}{subsection.19.3}% 218
\BOOKMARK [2][-]{subsection.19.4}{\376\377\000P\000o\000d\000s\000u\000m\000o\000w\000a\000n\000i\000e}{section.19}% 219
\BOOKMARK [1][-]{section.20}{\376\377\000P\000r\000o\000b\000l\000e\000m\000\040\000p\000r\000z\000e\000k\000l\000e\001\104\000s\000t\000w\000a\000\040\000w\000y\000m\000i\000a\000r\000o\000w\000o\001\133\000c\000i}{}% 220
\BOOKMARK [2][-]{subsection.20.1}{\376\377\000W\000p\000r\000o\000w\000a\000d\000z\000e\000n\000i\000e}{section.20}% 221
\BOOKMARK [2][-]{subsection.20.2}{\376\377\000P\000r\000z\000y\000c\000z\000y\000n\000y\000\040\000p\000r\000z\000e\000k\000l\000e\001\104\000s\000t\000w\000a\000\040\000w\000y\000m\000i\000a\000r\000o\000w\000o\001\133\000c\000i}{section.20}% 222
\BOOKMARK [2][-]{subsection.20.3}{\376\377\000K\000o\000n\000s\000e\000k\000w\000e\000n\000c\000j\000e\000\040\000p\000r\000z\000e\000k\000l\000e\001\104\000s\000t\000w\000a\000\040\000w\000y\000m\000i\000a\000r\000o\000w\000o\001\133\000c\000i}{section.20}% 223
\BOOKMARK [3][-]{subsubsection.20.3.1}{\376\377\0001\000.\000\040\000P\000r\000o\000b\000l\000e\000m\000y\000\040\000w\000\040\000k\000l\000a\000s\000y\000f\000i\000k\000a\000c\000j\000i\000\040\000i\000\040\000k\000l\000a\000s\000t\000e\000r\000y\000z\000a\000c\000j\000i}{subsection.20.3}% 224
\BOOKMARK [3][-]{subsubsection.20.3.2}{\376\377\0002\000.\000\040\000W\000z\000r\000o\000s\000t\000\040\000l\000i\000c\000z\000b\000y\000\040\000d\000a\000n\000y\000c\000h\000\040\000w\000y\000m\000a\000g\000a\000n\000y\000c\000h\000\040\000d\000o\000\040\000e\000f\000e\000k\000t\000y\000w\000n\000e\000g\000o\000\040\000m\000o\000d\000e\000l\000o\000w\000a\000n\000i\000a}{subsection.20.3}% 225
\BOOKMARK [3][-]{subsubsection.20.3.3}{\376\377\0003\000.\000\040\000P\000r\000o\000b\000l\000e\000m\000y\000\040\000w\000\040\000a\000n\000a\000l\000i\000z\000i\000e\000\040\000p\000o\000d\000o\000b\000i\000e\001\104\000s\000t\000w\000a}{subsection.20.3}% 226
\BOOKMARK [2][-]{subsection.20.4}{\376\377\000M\000e\000t\000o\000d\000y\000\040\000r\000a\000d\000z\000e\000n\000i\000a\000\040\000s\000o\000b\000i\000e\000\040\000z\000\040\000p\000r\000z\000e\000k\000l\000e\001\104\000s\000t\000w\000e\000m\000\040\000w\000y\000m\000i\000a\000r\000o\000w\000o\001\133\000c\000i}{section.20}% 227
\BOOKMARK [3][-]{subsubsection.20.4.1}{\376\377\0001\000.\000\040\000R\000e\000d\000u\000k\000c\000j\000a\000\040\000w\000y\000m\000i\000a\000r\000o\000w\000o\001\133\000c\000i}{subsection.20.4}% 228
\BOOKMARK [3][-]{subsubsection.20.4.2}{\376\377\0002\000.\000\040\000W\000y\000b\000\363\000r\000\040\000c\000e\000c\000h\000\040\000\050\000F\000e\000a\000t\000u\000r\000e\000\040\000S\000e\000l\000e\000c\000t\000i\000o\000n\000\051}{subsection.20.4}% 229
\BOOKMARK [3][-]{subsubsection.20.4.3}{\376\377\0003\000.\000\040\000U\001\174\000y\000c\000i\000e\000\040\000a\000l\000g\000o\000r\000y\000t\000m\000\363\000w\000\040\000o\000d\000p\000o\000r\000n\000y\000c\000h\000\040\000n\000a\000\040\000w\000y\000s\000o\000k\001\005\000\040\000w\000y\000m\000i\000a\000r\000o\000w\000o\001\133\001\007}{subsection.20.4}% 230
\BOOKMARK [2][-]{subsection.20.5}{\376\377\000P\000o\000d\000s\000u\000m\000o\000w\000a\000n\000i\000e}{section.20}% 231
\BOOKMARK [1][-]{section.21}{\376\377\000D\000z\000i\000a\001\102\000a\000n\000i\000e\000\040\000i\000\040\000z\000a\000s\000t\000o\000s\000o\000w\000a\000n\000i\000e\000\040\000n\000a\000i\000w\000n\000e\000g\000o\000\040\000k\000l\000a\000s\000y\000f\000i\000k\000a\000t\000o\000r\000a\000\040\000B\000a\000y\000e\000s\000a}{}% 232
\BOOKMARK [2][-]{subsection.21.1}{\376\377\000W\000p\000r\000o\000w\000a\000d\000z\000e\000n\000i\000e}{section.21}% 233
\BOOKMARK [2][-]{subsection.21.2}{\376\377\000Z\000a\000s\000a\000d\000a\000\040\000d\000z\000i\000a\001\102\000a\000n\000i\000a}{section.21}% 234
\BOOKMARK [2][-]{subsection.21.3}{\376\377\000R\000o\000d\000z\000a\000j\000e\000\040\000n\000a\000i\000w\000n\000e\000g\000o\000\040\000k\000l\000a\000s\000y\000f\000i\000k\000a\000t\000o\000r\000a\000\040\000B\000a\000y\000e\000s\000a}{section.21}% 235
\BOOKMARK [2][-]{subsection.21.4}{\376\377\000Z\000a\000s\000t\000o\000s\000o\000w\000a\000n\000i\000a\000\040\000n\000a\000i\000w\000n\000e\000g\000o\000\040\000k\000l\000a\000s\000y\000f\000i\000k\000a\000t\000o\000r\000a\000\040\000B\000a\000y\000e\000s\000a}{section.21}% 236
\BOOKMARK [3][-]{subsubsection.21.4.1}{\376\377\0001\000.\000\040\000K\000l\000a\000s\000y\000f\000i\000k\000a\000c\000j\000a\000\040\000t\000e\000k\000s\000t\000u\000\040\000i\000\040\000a\000n\000a\000l\000i\000z\000a\000\040\000s\000e\000n\000t\000y\000m\000e\000n\000t\000u}{subsection.21.4}% 237
\BOOKMARK [3][-]{subsubsection.21.4.2}{\376\377\0002\000.\000\040\000R\000o\000z\000p\000o\000z\000n\000a\000w\000a\000n\000i\000e\000\040\000w\000z\000o\000r\000c\000\363\000w}{subsection.21.4}% 238
\BOOKMARK [3][-]{subsubsection.21.4.3}{\376\377\0003\000.\000\040\000M\000e\000d\000y\000c\000y\000n\000a\000\040\000i\000\040\000d\000i\000a\000g\000n\000o\000s\000t\000y\000k\000a}{subsection.21.4}% 239
\BOOKMARK [2][-]{subsection.21.5}{\376\377\000Z\000a\000l\000e\000t\000y\000\040\000i\000\040\000w\000a\000d\000y\000\040\000n\000a\000i\000w\000n\000e\000g\000o\000\040\000k\000l\000a\000s\000y\000f\000i\000k\000a\000t\000o\000r\000a\000\040\000B\000a\000y\000e\000s\000a}{section.21}% 240
\BOOKMARK [2][-]{subsection.21.6}{\376\377\000P\000o\000d\000s\000u\000m\000o\000w\000a\000n\000i\000e}{section.21}% 241
\BOOKMARK [1][-]{section.22}{\376\377\000P\000o\000r\000\363\000w\000n\000a\000n\000i\000e\000\040\000p\000r\000o\000t\000o\000k\000o\001\102\000\363\000w\000\040\000T\000C\000P\000\040\000i\000\040\000U\000D\000P}{}% 242
\BOOKMARK [2][-]{subsection.22.1}{\376\377\000W\000p\000r\000o\000w\000a\000d\000z\000e\000n\000i\000e}{section.22}% 243
\BOOKMARK [2][-]{subsection.22.2}{\376\377\000C\000h\000a\000r\000a\000k\000t\000e\000r\000y\000s\000t\000y\000k\000a\000\040\000p\000r\000o\000t\000o\000k\000o\001\102\000u\000\040\000T\000C\000P}{section.22}% 244
\BOOKMARK [2][-]{subsection.22.3}{\376\377\000C\000h\000a\000r\000a\000k\000t\000e\000r\000y\000s\000t\000y\000k\000a\000\040\000p\000r\000o\000t\000o\000k\000o\001\102\000u\000\040\000U\000D\000P}{section.22}% 245
\BOOKMARK [2][-]{subsection.22.4}{\376\377\000P\000o\000r\000\363\000w\000n\000a\000n\000i\000e\000\040\000T\000C\000P\000\040\000i\000\040\000U\000D\000P}{section.22}% 246
\BOOKMARK [2][-]{subsection.22.5}{\376\377\000P\000o\000d\000s\000u\000m\000o\000w\000a\000n\000i\000e}{section.22}% 247
\BOOKMARK [1][-]{section.23}{\376\377\000P\000o\000d\000s\000t\000a\000w\000o\000w\000e\000\040\000m\000o\000d\000e\000l\000e\000\040\000k\000o\000n\000t\000r\000o\000l\000i\000\040\000d\000o\000s\000t\001\031\000p\000u}{}% 248
\BOOKMARK [2][-]{subsection.23.1}{\376\377\000W\000p\000r\000o\000w\000a\000d\000z\000e\000n\000i\000e}{section.23}% 249
\BOOKMARK [2][-]{subsection.23.2}{\376\377\000G\001\102\000\363\000w\000n\000e\000\040\000m\000o\000d\000e\000l\000e\000\040\000k\000o\000n\000t\000r\000o\000l\000i\000\040\000d\000o\000s\000t\001\031\000p\000u}{section.23}% 250
\BOOKMARK [3][-]{subsubsection.23.2.1}{\376\377\0001\000.\000\040\000K\000o\000n\000t\000r\000o\000l\000a\000\040\000d\000o\000s\000t\001\031\000p\000u\000\040\000o\000p\000a\000r\000t\000a\000\040\000n\000a\000\040\000l\000i\000s\000t\000a\000c\000h\000\040\000k\000o\000n\000t\000r\000o\000l\000i\000\040\000d\000o\000s\000t\001\031\000p\000u\000\040\000\050\000A\000C\000L\000\040\040\023\000\040\000A\000c\000c\000e\000s\000s\000\040\000C\000o\000n\000t\000r\000o\000l\000\040\000L\000i\000s\000t\000\051}{subsection.23.2}% 251
\BOOKMARK [3][-]{subsubsection.23.2.2}{\376\377\0002\000.\000\040\000D\000y\000s\000k\000r\000e\000c\000j\000o\000n\000a\000l\000n\000a\000\040\000k\000o\000n\000t\000r\000o\000l\000a\000\040\000d\000o\000s\000t\001\031\000p\000u\000\040\000\050\000D\000A\000C\000\040\040\023\000\040\000D\000i\000s\000c\000r\000e\000t\000i\000o\000n\000a\000r\000y\000\040\000A\000c\000c\000e\000s\000s\000\040\000C\000o\000n\000t\000r\000o\000l\000\051}{subsection.23.2}% 252
\BOOKMARK [3][-]{subsubsection.23.2.3}{\376\377\0003\000.\000\040\000O\000b\000o\000w\000i\001\005\000z\000k\000o\000w\000a\000\040\000k\000o\000n\000t\000r\000o\000l\000a\000\040\000d\000o\000s\000t\001\031\000p\000u\000\040\000\050\000M\000A\000C\000\040\040\023\000\040\000M\000a\000n\000d\000a\000t\000o\000r\000y\000\040\000A\000c\000c\000e\000s\000s\000\040\000C\000o\000n\000t\000r\000o\000l\000\051}{subsection.23.2}% 253
\BOOKMARK [3][-]{subsubsection.23.2.4}{\376\377\0004\000.\000\040\000K\000o\000n\000t\000r\000o\000l\000a\000\040\000d\000o\000s\000t\001\031\000p\000u\000\040\000o\000p\000a\000r\000t\000a\000\040\000n\000a\000\040\000r\000o\000l\000a\000c\000h\000\040\000\050\000R\000B\000A\000C\000\040\040\023\000\040\000R\000o\000l\000e\000-\000B\000a\000s\000e\000d\000\040\000A\000c\000c\000e\000s\000s\000\040\000C\000o\000n\000t\000r\000o\000l\000\051}{subsection.23.2}% 254
\BOOKMARK [3][-]{subsubsection.23.2.5}{\376\377\0005\000.\000\040\000K\000o\000n\000t\000r\000o\000l\000a\000\040\000d\000o\000s\000t\001\031\000p\000u\000\040\000o\000p\000a\000r\000t\000a\000\040\000n\000a\000\040\000a\000t\000r\000y\000b\000u\000t\000a\000c\000h\000\040\000\050\000A\000B\000A\000C\000\040\040\023\000\040\000A\000t\000t\000r\000i\000b\000u\000t\000e\000-\000B\000a\000s\000e\000d\000\040\000A\000c\000c\000e\000s\000s\000\040\000C\000o\000n\000t\000r\000o\000l\000\051}{subsection.23.2}% 255
\BOOKMARK [2][-]{subsection.23.3}{\376\377\000P\000o\000r\000\363\000w\000n\000a\000n\000i\000e\000\040\000m\000o\000d\000e\000l\000i\000\040\000k\000o\000n\000t\000r\000o\000l\000i\000\040\000d\000o\000s\000t\001\031\000p\000u}{section.23}% 256
\BOOKMARK [2][-]{subsection.23.4}{\376\377\000P\000o\000d\000s\000u\000m\000o\000w\000a\000n\000i\000e}{section.23}% 257
\BOOKMARK [1][-]{section.24}{\376\377\000R\000o\000d\000z\000a\000j\000e\000\040\000s\000y\000m\000u\000l\000a\000c\000j\000i\000\040\000k\000o\000m\000p\000u\000t\000e\000r\000o\000w\000y\000c\000h\000;\000\040\000i\000c\000h\000\040\000c\000h\000a\000r\000a\000k\000t\000e\000r\000y\000s\000t\000y\000k\000a\000\040\000i\000\040\000p\000r\000z\000y\000k\001\102\000a\000d\000y}{}% 258
\BOOKMARK [2][-]{subsection.24.1}{\376\377\000W\000p\000r\000o\000w\000a\000d\000z\000e\000n\000i\000e}{section.24}% 259
\BOOKMARK [2][-]{subsection.24.2}{\376\377\000R\000o\000d\000z\000a\000j\000e\000\040\000s\000y\000m\000u\000l\000a\000c\000j\000i\000\040\000k\000o\000m\000p\000u\000t\000e\000r\000o\000w\000y\000c\000h}{section.24}% 260
\BOOKMARK [3][-]{subsubsection.24.2.1}{\376\377\0001\000.\000\040\000S\000y\000m\000u\000l\000a\000c\000j\000e\000\040\000d\000e\000t\000e\000r\000m\000i\000n\000i\000s\000t\000y\000c\000z\000n\000e}{subsection.24.2}% 261
\BOOKMARK [3][-]{subsubsection.24.2.2}{\376\377\0002\000.\000\040\000S\000y\000m\000u\000l\000a\000c\000j\000e\000\040\000s\000t\000o\000c\000h\000a\000s\000t\000y\000c\000z\000n\000e}{subsection.24.2}% 262
\BOOKMARK [3][-]{subsubsection.24.2.3}{\376\377\0003\000.\000\040\000S\000y\000m\000u\000l\000a\000c\000j\000e\000\040\000c\000i\001\005\000g\001\102\000e}{subsection.24.2}% 263
\BOOKMARK [3][-]{subsubsection.24.2.4}{\376\377\0004\000.\000\040\000S\000y\000m\000u\000l\000a\000c\000j\000e\000\040\000d\000y\000s\000k\000r\000e\000t\000n\000e}{subsection.24.2}% 264
\BOOKMARK [3][-]{subsubsection.24.2.5}{\376\377\0005\000.\000\040\000S\000y\000m\000u\000l\000a\000c\000j\000e\000\040\000h\000y\000b\000r\000y\000d\000o\000w\000e}{subsection.24.2}% 265
\BOOKMARK [3][-]{subsubsection.24.2.6}{\376\377\0006\000.\000\040\000S\000y\000m\000u\000l\000a\000c\000j\000e\000\040\000w\000\040\000c\000z\000a\000s\000i\000e\000\040\000r\000z\000e\000c\000z\000y\000w\000i\000s\000t\000y\000m}{subsection.24.2}% 266
\BOOKMARK [2][-]{subsection.24.3}{\376\377\000P\000o\000d\000s\000u\000m\000o\000w\000a\000n\000i\000e}{section.24}% 267
\BOOKMARK [1][-]{section.25}{\376\377\000P\000o\000d\000s\000t\000a\000w\000o\000w\000e\000\040\000r\000o\000d\000z\000a\000j\000e\000\040\000l\000i\000c\000e\000n\000c\000j\000i\000\040\000n\000a\000\040\000o\000p\000r\000o\000g\000r\000a\000m\000o\000w\000a\000n\000i\000e\000\040\000k\000o\000m\000p\000u\000t\000e\000r\000o\000w\000e\000\040\000w\000\040\000k\000o\000n\000t\000e\000k\001\133\000c\000i\000e\000\040\000e\000t\000y\000c\000z\000n\000e\000j\000\040\000s\000t\000r\000o\000n\000y\000\040\000p\000r\000z\000e\000s\000t\000r\000z\000e\000g\000a\000n\000i\000a\000\040\000p\000r\000a\000w\000\040\000a\000u\000t\000o\000r\000s\000k\000i\000c\000h}{}% 268
\BOOKMARK [2][-]{subsection.25.1}{\376\377\000W\000p\000r\000o\000w\000a\000d\000z\000e\000n\000i\000e}{section.25}% 269
\BOOKMARK [2][-]{subsection.25.2}{\376\377\000P\000o\000d\000s\000t\000a\000w\000o\000w\000e\000\040\000r\000o\000d\000z\000a\000j\000e\000\040\000l\000i\000c\000e\000n\000c\000j\000i}{section.25}% 270
\BOOKMARK [3][-]{subsubsection.25.2.1}{\376\377\0001\000.\000\040\000L\000i\000c\000e\000n\000c\000j\000e\000\040\000w\001\102\000a\000s\000n\000o\001\133\000c\000i\000o\000w\000e\000\040\000\050\000p\000r\000o\000p\000r\000i\000e\000t\000a\000r\000y\000\051}{subsection.25.2}% 271
\BOOKMARK [3][-]{subsubsection.25.2.2}{\376\377\0002\000.\000\040\000L\000i\000c\000e\000n\000c\000j\000e\000\040\000w\000o\000l\000n\000e\000g\000o\000\040\000i\000\040\000o\000t\000w\000a\000r\000t\000e\000g\000o\000\040\000o\000p\000r\000o\000g\000r\000a\000m\000o\000w\000a\000n\000i\000a\000\040\000\050\000F\000O\000S\000S\000\040\040\023\000\040\000F\000r\000e\000e\000\040\000a\000n\000d\000\040\000O\000p\000e\000n\000\040\000S\000o\000u\000r\000c\000e\000\040\000S\000o\000f\000t\000w\000a\000r\000e\000\051}{subsection.25.2}% 272
\BOOKMARK [3][-]{subsubsection.25.2.3}{\376\377\0003\000.\000\040\000L\000i\000c\000e\000n\000c\000j\000e\000\040\000d\000a\000r\000m\000o\000w\000e\000\040\000\050\000F\000r\000e\000e\000w\000a\000r\000e\000\051}{subsection.25.2}% 273
\BOOKMARK [3][-]{subsubsection.25.2.4}{\376\377\0004\000.\000\040\000L\000i\000c\000e\000n\000c\000j\000e\000\040\000n\000a\000\040\000o\000p\000r\000o\000g\000r\000a\000m\000o\000w\000a\000n\000i\000e\000\040\000w\000s\000p\000\363\001\102\000d\000z\000i\000e\000l\000o\000n\000e\000\040\000\050\000S\000h\000a\000r\000e\000w\000a\000r\000e\000\051}{subsection.25.2}% 274
\BOOKMARK [3][-]{subsubsection.25.2.5}{\376\377\0005\000.\000\040\000L\000i\000c\000e\000n\000c\000j\000e\000\040\000p\000u\000b\000l\000i\000c\000z\000n\000e\000\040\000\050\000P\000u\000b\000l\000i\000c\000\040\000D\000o\000m\000a\000i\000n\000\051}{subsection.25.2}% 275
\BOOKMARK [3][-]{subsubsection.25.2.6}{\376\377\0006\000.\000\040\000L\000i\000c\000e\000n\000c\000j\000e\000\040\000C\000r\000e\000a\000t\000i\000v\000e\000\040\000C\000o\000m\000m\000o\000n\000s}{subsection.25.2}% 276
\BOOKMARK [2][-]{subsection.25.3}{\376\377\000P\000o\000d\000s\000u\000m\000o\000w\000a\000n\000i\000e}{section.25}% 277
